#
# There is insufficient memory for the Java Runtime Environment to continue.
# Native memory allocation (mmap) failed to map 4161536 bytes for G1 virtual space
# Possible reasons:
#   The system is out of physical RAM or swap space
#   The process is running with CompressedOops enabled, and the Java Heap may be blocking the growth of the native heap
# Possible solutions:
#   Reduce memory load on the system
#   Increase physical memory or swap space
#   Check if swap backing store is full
#   Decrease Java heap size (-Xmx/-Xms)
#   Decrease number of Java threads
#   Decrease Java thread stack sizes (-Xss)
#   Set larger code cache with -XX:ReservedCodeCacheSize=
#   JVM is running with Zero Based Compressed Oops mode in which the Java heap is
#     placed in the first 32GB address space. The Java Heap base address is the
#     maximum limit for the native heap growth. Please use -XX:HeapBaseMinAddress
#     to set the Java Heap base and to place the Java Heap above 32GB virtual address.
# This output file may be truncated or incomplete.
#
#  Out of Memory Error (os_windows.cpp:3769), pid=79284, tid=40320
#
# JRE version:  (17.0.6) (build )
# Java VM: OpenJDK 64-Bit Server VM (17.0.6+0-b2043.56-9586694, mixed mode, sharing, tiered, compressed oops, compressed class ptrs, g1 gc, windows-amd64)
# No core dump will be written. Minidumps are not enabled by default on client versions of Windows
#

---------------  S U M M A R Y ------------

Command Line: 

Host: Intel(R) Core(TM) i5-1035G1 CPU @ 1.00GHz, 8 cores, 15G,  Windows 11 , 64 bit Build 22621 (10.0.22621.1778)
Time: Wed Jul  5 00:27:28 2023 India Standard Time elapsed time: 0.019152 seconds (0d 0h 0m 0s)

---------------  T H R E A D  ---------------

Current thread (0x000002bf0b6f9470):  JavaThread "Unknown thread" [_thread_in_vm, id=40320, stack(0x000000cc9f600000,0x000000cc9f700000)]

Stack: [0x000000cc9f600000,0x000000cc9f700000]
Native frames: (J=compiled Java code, j=interpreted, Vv=VM code, C=native code)
V  [jvm.dll+0x683b4a]
V  [jvm.dll+0x842654]
V  [jvm.dll+0x843dfe]
V  [jvm.dll+0x844463]
V  [jvm.dll+0x249b75]
V  [jvm.dll+0x680a19]
V  [jvm.dll+0x674f0a]
V  [jvm.dll+0x309acb]
V  [jvm.dll+0x310f86]
V  [jvm.dll+0x360903]
V  [jvm.dll+0x360b1f]
V  [jvm.dll+0x2dfbf8]
V  [jvm.dll+0x2e0b64]
V  [jvm.dll+0x813f41]
V  [jvm.dll+0x36e6a1]
V  [jvm.dll+0x7f347c]
V  [jvm.dll+0x3f0e8f]
V  [jvm.dll+0x3f29d1]
C  [jli.dll+0x526b]
C  [ucrtbase.dll+0x29363]
C  [KERNEL32.DLL+0x126ad]
C  [ntdll.dll+0x5a9f8]


---------------  P R O C E S S  ---------------

Threads class SMR info:
_java_thread_list=0x00007fff3b36c058, length=0, elements={
}

Java Threads: ( => current thread )

Other Threads:
  0x000002bf0b766310 GCTaskThread "GC Thread#0" [stack: 0x000000cc9f700000,0x000000cc9f800000] [id=45484]
  0x000002bf0b778020 ConcurrentGCThread "G1 Main Marker" [stack: 0x000000cc9f800000,0x000000cc9f900000] [id=19248]
  0x000002bf0b778a30 ConcurrentGCThread "G1 Conc#0" [stack: 0x000000cc9f900000,0x000000cc9fa00000] [id=16928]

[error occurred during error reporting (printing all threads), id 0xc0000005, EXCEPTION_ACCESS_VIOLATION (0xc0000005) at pc=0x00007fff3ab20797]

VM state: not at safepoint (not fully initialized)

VM Mutex/Monitor currently owned by a thread:  ([mutex/lock_event])
[0x000002bf0b6f49a0] Heap_lock - owner thread: 0x000002bf0b6f9470

Heap address: 0x0000000703a00000, size: 4038 MB, Compressed Oops mode: Zero based, Oop shift amount: 3

CDS archive(s) mapped at: [0x0000000000000000-0x0000000000000000-0x0000000000000000), size 0, SharedBaseAddress: 0x0000000800000000, ArchiveRelocationMode: 0.
Narrow klass base: 0x0000000000000000, Narrow klass shift: 0, Narrow klass range: 0x0

GC Precious Log:
<Empty>

Heap:
 garbage-first heap   total 0K, used 0K [0x0000000703a00000, 0x0000000800000000)
  region size 2048K, 0 young (0K), 0 survivors (0K)

[error occurred during error reporting (printing heap information), id 0xc0000005, EXCEPTION_ACCESS_VIOLATION (0xc0000005) at pc=0x00007fff3af0d939]

GC Heap History (0 events):
No events

Dll operation events (1 events):
Event: 0.013 Loaded shared library C:\Program Files\Android\Android Studio\jbr\bin\java.dll

Deoptimization events (0 events):
No events

Classes unloaded (0 events):
No events

Classes redefined (0 events):
No events

Internal exceptions (0 events):
No events

VM Operations (0 events):
No events

Events (0 events):
No events


Dynamic libraries:
0x00007ff68aba0000 - 0x00007ff68abaa000 	C:\Program Files\Android\Android Studio\jbr\bin\java.EXE
0x00007fff91b10000 - 0x00007fff91d24000 	C:\WINDOWS\SYSTEM32\ntdll.dll
0x00007fff90b90000 - 0x00007fff90c52000 	C:\WINDOWS\System32\KERNEL32.DLL
0x00007fff8f290000 - 0x00007fff8f633000 	C:\WINDOWS\System32\KERNELBASE.dll
0x00007fff8f170000 - 0x00007fff8f281000 	C:\WINDOWS\System32\ucrtbase.dll
0x00007fff58230000 - 0x00007fff5824b000 	C:\Program Files\Android\Android Studio\jbr\bin\VCRUNTIME140.dll
0x00007fff60af0000 - 0x00007fff60b07000 	C:\Program Files\Android\Android Studio\jbr\bin\jli.dll
0x00007fff909e0000 - 0x00007fff90b8b000 	C:\WINDOWS\System32\USER32.dll
0x00007fff8f080000 - 0x00007fff8f0a6000 	C:\WINDOWS\System32\win32u.dll
0x00007fff904f0000 - 0x00007fff90519000 	C:\WINDOWS\System32\GDI32.dll
0x00007fff8f7d0000 - 0x00007fff8f8e9000 	C:\WINDOWS\System32\gdi32full.dll
0x00007fff8f640000 - 0x00007fff8f6da000 	C:\WINDOWS\System32\msvcp_win.dll
0x00007fff70760000 - 0x00007fff709ee000 	C:\WINDOWS\WinSxS\amd64_microsoft.windows.common-controls_6595b64144ccf1df_6.0.22621.1635_none_270f70857386168e\COMCTL32.dll
0x00007fff90920000 - 0x00007fff909c7000 	C:\WINDOWS\System32\msvcrt.dll
0x00007fff908e0000 - 0x00007fff90911000 	C:\WINDOWS\System32\IMM32.DLL
0x00007fff6d400000 - 0x00007fff6d40c000 	C:\Program Files\Android\Android Studio\jbr\bin\vcruntime140_1.dll
0x00007fff581a0000 - 0x00007fff5822d000 	C:\Program Files\Android\Android Studio\jbr\bin\msvcp140.dll
0x00007fff3a830000 - 0x00007fff3b49d000 	C:\Program Files\Android\Android Studio\jbr\bin\server\jvm.dll
0x00007fff91220000 - 0x00007fff912ce000 	C:\WINDOWS\System32\ADVAPI32.dll
0x00007fff902d0000 - 0x00007fff90374000 	C:\WINDOWS\System32\sechost.dll
0x00007fff90ec0000 - 0x00007fff90fd7000 	C:\WINDOWS\System32\RPCRT4.dll
0x00007fff87370000 - 0x00007fff87379000 	C:\WINDOWS\SYSTEM32\WSOCK32.dll
0x00007fff88b30000 - 0x00007fff88b3a000 	C:\WINDOWS\SYSTEM32\VERSION.dll
0x00007fff8c9b0000 - 0x00007fff8c9e4000 	C:\WINDOWS\SYSTEM32\WINMM.dll
0x00007fff90810000 - 0x00007fff90881000 	C:\WINDOWS\System32\WS2_32.dll
0x00007fff8e050000 - 0x00007fff8e068000 	C:\WINDOWS\SYSTEM32\kernel.appcore.dll
0x00007fff7dcf0000 - 0x00007fff7dcfa000 	C:\Program Files\Android\Android Studio\jbr\bin\jimage.dll
0x00007fff8c780000 - 0x00007fff8c9ae000 	C:\WINDOWS\SYSTEM32\DBGHELP.DLL
0x00007fff8ff40000 - 0x00007fff902c9000 	C:\WINDOWS\System32\combase.dll
0x00007fff90de0000 - 0x00007fff90eb7000 	C:\WINDOWS\System32\OLEAUT32.dll
0x00007fff8c740000 - 0x00007fff8c772000 	C:\WINDOWS\SYSTEM32\dbgcore.DLL
0x00007fff8f6e0000 - 0x00007fff8f75b000 	C:\WINDOWS\System32\bcryptPrimitives.dll
0x00007fff73330000 - 0x00007fff73355000 	C:\Program Files\Android\Android Studio\jbr\bin\java.dll

dbghelp: loaded successfully - version: 4.0.5 - missing functions: none
symbol engine: initialized successfully - sym options: 0x614 - pdb path: .;C:\Program Files\Android\Android Studio\jbr\bin;C:\WINDOWS\SYSTEM32;C:\WINDOWS\WinSxS\amd64_microsoft.windows.common-controls_6595b64144ccf1df_6.0.22621.1635_none_270f70857386168e;C:\Program Files\Android\Android Studio\jbr\bin\server

VM Arguments:
java_command: <unknown>
java_class_path (initial): <not set>
Launcher Type: SUN_STANDARD

[Global flags]
     intx CICompilerCount                          = 4                                         {product} {ergonomic}
     uint ConcGCThreads                            = 2                                         {product} {ergonomic}
     uint G1ConcRefinementThreads                  = 8                                         {product} {ergonomic}
   size_t G1HeapRegionSize                         = 2097152                                   {product} {ergonomic}
    uintx GCDrainStackTargetSize                   = 64                                        {product} {ergonomic}
   size_t InitialHeapSize                          = 266338304                                 {product} {ergonomic}
   size_t MarkStackSize                            = 4194304                                   {product} {ergonomic}
   size_t MaxHeapSize                              = 4234149888                                {product} {ergonomic}
   size_t MinHeapDeltaBytes                        = 2097152                                   {product} {ergonomic}
   size_t MinHeapSize                              = 8388608                                   {product} {ergonomic}
    uintx NonNMethodCodeHeapSize                   = 5839372                                {pd product} {ergonomic}
    uintx NonProfiledCodeHeapSize                  = 122909434                              {pd product} {ergonomic}
    uintx ProfiledCodeHeapSize                     = 122909434                              {pd product} {ergonomic}
    uintx ReservedCodeCacheSize                    = 251658240                              {pd product} {ergonomic}
     bool SegmentedCodeCache                       = true                                      {product} {ergonomic}
   size_t SoftMaxHeapSize                          = 4234149888                             {manageable} {ergonomic}
     bool UseCompressedClassPointers               = true                           {product lp64_product} {ergonomic}
     bool UseCompressedOops                        = true                           {product lp64_product} {ergonomic}
     bool UseG1GC                                  = true                                      {product} {ergonomic}
     bool UseLargePagesIndividualAllocation        = false                                  {pd product} {ergonomic}

Logging:
Log output configuration:
 #0: stdout all=warning uptime,level,tags
 #1: stderr all=off uptime,level,tags

Environment Variables:
PATH=C:\Windows\system32;C:\Windows;C:\Windows\System32\Wbem;C:\Windows\System32\WindowsPowerShell\v1.0\;C:\Windows\System32\OpenSSH\;C:\Program Files\NVIDIA Corporation\NVIDIA NvDLISR;C:\WINDOWS\system32;C:\WINDOWS;C:\WINDOWS\System32\Wbem;C:\WINDOWS\System32\WindowsPowerShell\v1.0\;C:\WINDOWS\System32\OpenSSH\;C:\MinGW\bin;C:\Program Files\Git\cmd;C:\Users\yashe\AppData\Local\Microsoft\WindowsApps;C:\src\flutter\flutter\bin;;C:\src\flutter\flutter\bin\mingit\cmd
USERNAME=yashe
OS=Windows_NT
PROCESSOR_IDENTIFIER=Intel64 Family 6 Model 126 Stepping 5, GenuineIntel
TMP=C:\Users\yashe\AppData\Local\Temp
TEMP=C:\Users\yashe\AppData\Local\Temp



---------------  S Y S T E M  ---------------

OS:
 Windows 11 , 64 bit Build 22621 (10.0.22621.1778)
OS uptime: 2 days 16:39 hours

CPU: total 8 (initial active 8) (4 cores per cpu, 2 threads per core) family 6 model 126 stepping 5 microcode 0xb8, cx8, cmov, fxsr, ht, mmx, 3dnowpref, sse, sse2, sse3, ssse3, sse4.1, sse4.2, popcnt, lzcnt, tsc, tscinvbit, avx, avx2, aes, erms, clmul, bmi1, bmi2, adx, avx512f, avx512dq, avx512cd, avx512bw, avx512vl, sha, fma, vzeroupper, avx512_vpopcntdq, avx512_vpclmulqdq, avx512_vaes, avx512_vnni, clflush, clflushopt, avx512_vbmi2, avx512_vbmi

Memory: 4k page, system-wide physical 16151M (3518M free)
TotalPageFile size 43804M (AvailPageFile size 5M)
current process WorkingSet (physical memory assigned to process): 11M, peak: 11M
current process commit charge ("private bytes"): 314M, peak: 318M

vm_info: OpenJDK 64-Bit Server VM (17.0.6+0-b2043.56-9586694) for windows-amd64 JRE (17.0.6+0-b2043.56-9586694), built on Feb  9 2023 20:06:20 by "androidbuild" with MS VC++ 16.10 / 16.11 (VS2019)

END.
