#
# There is insufficient memory for the Java Runtime Environment to continue.
# Native memory allocation (malloc) failed to allocate 202656 bytes for Chunk::new
# Possible reasons:
#   The system is out of physical RAM or swap space
#   The process is running with CompressedOops enabled, and the Java Heap may be blocking the growth of the native heap
# Possible solutions:
#   Reduce memory load on the system
#   Increase physical memory or swap space
#   Check if swap backing store is full
#   Decrease Java heap size (-Xmx/-Xms)
#   Decrease number of Java threads
#   Decrease Java thread stack sizes (-Xss)
#   Set larger code cache with -XX:ReservedCodeCacheSize=
#   JVM is running with Zero Based Compressed Oops mode in which the Java heap is
#     placed in the first 32GB address space. The Java Heap base address is the
#     maximum limit for the native heap growth. Please use -XX:HeapBaseMinAddress
#     to set the Java Heap base and to place the Java Heap above 32GB virtual address.
# This output file may be truncated or incomplete.
#
#  Out of Memory Error (arena.cpp:189), pid=92264, tid=91736
#
# JRE version: OpenJDK Runtime Environment (17.0.6) (build 17.0.6+0-b2043.56-9586694)
# Java VM: OpenJDK 64-Bit Server VM (17.0.6+0-b2043.56-9586694, mixed mode, tiered, compressed oops, compressed class ptrs, g1 gc, windows-amd64)
# No core dump will be written. Minidumps are not enabled by default on client versions of Windows
#

---------------  S U M M A R Y ------------

Command Line: -Dorg.gradle.appname=gradlew org.gradle.wrapper.GradleWrapperMain -q -Ptarget-platform=android-arm64 -Ptarget=D:\Flutter\code_wise\lib\main.dart -Pbase-application-name=android.app.Application -Pdart-defines=RkxVVFRFUl9XRUJfQVVUT19ERVRFQ1Q9dHJ1ZQ==,RkxVVFRFUl9XRUJfQ0FOVkFTS0lUX1VSTD1odHRwczovL3d3dy5nc3RhdGljLmNvbS9mbHV0dGVyLWNhbnZhc2tpdC8yYTM0MDFjOWJiYjVhOWE5YWVjNzRkNGY3MzVkMThhOWRkM2ViZjJkLw== -Pdart-obfuscation=false -Ptrack-widget-creation=true -Ptree-shake-icons=false -Pfilesystem-scheme=org-dartlang-root assembleDebug

Host: Intel(R) Core(TM) i5-1035G1 CPU @ 1.00GHz, 8 cores, 15G,  Windows 11 , 64 bit Build 22621 (10.0.22621.1778)
Time: Wed Jul  5 00:30:12 2023 India Standard Time elapsed time: 1.130877 seconds (0d 0h 0m 1s)

---------------  T H R E A D  ---------------

Current thread (0x00000263178c7770):  JavaThread "C2 CompilerThread0" daemon [_thread_in_native, id=91736, stack(0x000000ca77200000,0x000000ca77300000)]


Current CompileTask:
C2:   1130  888   !   4       java.util.concurrent.ConcurrentHashMap::putVal (432 bytes)

Stack: [0x000000ca77200000,0x000000ca77300000]
Native frames: (J=compiled Java code, j=interpreted, Vv=VM code, C=native code)
V  [jvm.dll+0x683b4a]
V  [jvm.dll+0x842654]
V  [jvm.dll+0x843dfe]
V  [jvm.dll+0x844463]
V  [jvm.dll+0x249b75]
V  [jvm.dll+0xabcac]
V  [jvm.dll+0xac27c]
V  [jvm.dll+0x2b0eef]
V  [jvm.dll+0x58a207]
V  [jvm.dll+0x2243b2]
V  [jvm.dll+0x21dd02]
V  [jvm.dll+0x21b51b]
V  [jvm.dll+0x1a4fdd]
V  [jvm.dll+0x22b098]
V  [jvm.dll+0x229159]
V  [jvm.dll+0x7f809c]
V  [jvm.dll+0x7f25fa]
V  [jvm.dll+0x682985]
C  [ucrtbase.dll+0x29363]
C  [KERNEL32.DLL+0x126ad]
C  [ntdll.dll+0x5a9f8]


---------------  P R O C E S S  ---------------

Threads class SMR info:
_java_thread_list=0x0000026318d442f0, length=14, elements={
0x00000263783a99d0, 0x000002631785e1c0, 0x000002631785ec80, 0x00000263178c3420,
0x00000263178c5a00, 0x00000263178c62c0, 0x00000263178c6b80, 0x00000263178c7770,
0x00000263178cae70, 0x00000263178de570, 0x0000026317a40e20, 0x0000026317a49320,
0x0000026318204010, 0x0000026318f0aca0
}

Java Threads: ( => current thread )
  0x00000263783a99d0 JavaThread "main" [_thread_in_native, id=63396, stack(0x000000ca76500000,0x000000ca76600000)]
  0x000002631785e1c0 JavaThread "Reference Handler" daemon [_thread_blocked, id=56820, stack(0x000000ca76c00000,0x000000ca76d00000)]
  0x000002631785ec80 JavaThread "Finalizer" daemon [_thread_blocked, id=37608, stack(0x000000ca76d00000,0x000000ca76e00000)]
  0x00000263178c3420 JavaThread "Signal Dispatcher" daemon [_thread_blocked, id=56628, stack(0x000000ca76e00000,0x000000ca76f00000)]
  0x00000263178c5a00 JavaThread "Attach Listener" daemon [_thread_blocked, id=56424, stack(0x000000ca76f00000,0x000000ca77000000)]
  0x00000263178c62c0 JavaThread "Service Thread" daemon [_thread_blocked, id=26976, stack(0x000000ca77000000,0x000000ca77100000)]
  0x00000263178c6b80 JavaThread "Monitor Deflation Thread" daemon [_thread_blocked, id=17836, stack(0x000000ca77100000,0x000000ca77200000)]
=>0x00000263178c7770 JavaThread "C2 CompilerThread0" daemon [_thread_in_native, id=91736, stack(0x000000ca77200000,0x000000ca77300000)]
  0x00000263178cae70 JavaThread "C1 CompilerThread0" daemon [_thread_blocked, id=47584, stack(0x000000ca77300000,0x000000ca77400000)]
  0x00000263178de570 JavaThread "Sweeper thread" daemon [_thread_blocked, id=84280, stack(0x000000ca77400000,0x000000ca77500000)]
  0x0000026317a40e20 JavaThread "Notification Thread" daemon [_thread_blocked, id=80036, stack(0x000000ca77500000,0x000000ca77600000)]
  0x0000026317a49320 JavaThread "Common-Cleaner" daemon [_thread_blocked, id=93348, stack(0x000000ca77700000,0x000000ca77800000)]
  0x0000026318204010 JavaThread "C2 CompilerThread1" daemon [_thread_blocked, id=18884, stack(0x000000ca77800000,0x000000ca77900000)]
  0x0000026318f0aca0 JavaThread "pool-1-thread-1" [_thread_blocked, id=50240, stack(0x000000ca77e00000,0x000000ca77f00000)]

Other Threads:
  0x000002631785b800 VMThread "VM Thread" [stack: 0x000000ca76b00000,0x000000ca76c00000] [id=85696]
  0x000002637842fc00 WatcherThread [stack: 0x000000ca77600000,0x000000ca77700000] [id=76828]
  0x0000026378414ec0 GCTaskThread "GC Thread#0" [stack: 0x000000ca76600000,0x000000ca76700000] [id=25652]
  0x00000263183fcbd0 GCTaskThread "GC Thread#1" [stack: 0x000000ca77900000,0x000000ca77a00000] [id=69068]
  0x0000026317ce7090 GCTaskThread "GC Thread#2" [stack: 0x000000ca77a00000,0x000000ca77b00000] [id=46492]
  0x0000026317ce7340 GCTaskThread "GC Thread#3" [stack: 0x000000ca77b00000,0x000000ca77c00000] [id=61900]
  0x000002631830a9c0 GCTaskThread "GC Thread#4" [stack: 0x000000ca77c00000,0x000000ca77d00000] [id=82940]
  0x000002631830ac70 GCTaskThread "GC Thread#5" [stack: 0x000000ca77d00000,0x000000ca77e00000] [id=68952]
  0x0000026378425a50 ConcurrentGCThread "G1 Main Marker" [stack: 0x000000ca76700000,0x000000ca76800000] [id=89628]
  0x00000263784265c0 ConcurrentGCThread "G1 Conc#0" [stack: 0x000000ca76800000,0x000000ca76900000] [id=10568]
  0x000002637846d670 ConcurrentGCThread "G1 Refine#0" [stack: 0x000000ca76900000,0x000000ca76a00000] [id=76896]
  0x000002637f875470 ConcurrentGCThread "G1 Service" [stack: 0x000000ca76a00000,0x000000ca76b00000] [id=74736]

Threads with active compile tasks:
C2 CompilerThread0     1157  888   !   4       java.util.concurrent.ConcurrentHashMap::putVal (432 bytes)

VM state: not at safepoint (normal execution)

VM Mutex/Monitor currently owned by a thread:  ([mutex/lock_event])
[0x00000263783a4f10] MethodCompileQueue_lock - owner thread: 0x00000263783a99d0

Heap address: 0x0000000703a00000, size: 4038 MB, Compressed Oops mode: Zero based, Oop shift amount: 3

CDS archive(s) not mapped
Compressed class space mapped at: 0x0000000800000000-0x0000000840000000, reserved size: 1073741824
Narrow klass base: 0x0000000800000000, Narrow klass shift: 0, Narrow klass range: 0x40000000

GC Precious Log:
 CPUs: 8 total, 8 available
 Memory: 16151M
 Large Page Support: Disabled
 NUMA Support: Disabled
 Compressed Oops: Enabled (Zero based)
 Heap Region Size: 2M
 Heap Min Capacity: 8M
 Heap Initial Capacity: 254M
 Heap Max Capacity: 4038M
 Pre-touch: Disabled
 Parallel Workers: 8
 Concurrent Workers: 2
 Concurrent Refinement Workers: 8
 Periodic GC: Disabled

Heap:
 garbage-first heap   total 260096K, used 14118K [0x0000000703a00000, 0x0000000800000000)
  region size 2048K, 5 young (10240K), 2 survivors (4096K)
 Metaspace       used 12200K, committed 12416K, reserved 1064960K
  class space    used 1351K, committed 1472K, reserved 1048576K

Heap Regions: E=young(eden), S=young(survivor), O=old, HS=humongous(starts), HC=humongous(continues), CS=collection set, F=free, OA=open archive, CA=closed archive, TAMS=top-at-mark-start (previous, next)
|   0|0x0000000703a00000, 0x0000000703a00000, 0x0000000703c00000|  0%| F|  |TAMS 0x0000000703a00000, 0x0000000703a00000| Untracked 
|   1|0x0000000703c00000, 0x0000000703c00000, 0x0000000703e00000|  0%| F|  |TAMS 0x0000000703c00000, 0x0000000703c00000| Untracked 
|   2|0x0000000703e00000, 0x0000000704000000, 0x0000000704000000|100%|HS|  |TAMS 0x0000000703e00000, 0x0000000703e00000| Complete 
|   3|0x0000000704000000, 0x0000000704200000, 0x0000000704200000|100%|HC|  |TAMS 0x0000000704000000, 0x0000000704000000| Complete 
|   4|0x0000000704200000, 0x00000007043c9a00, 0x0000000704400000| 89%| O|  |TAMS 0x0000000704200000, 0x0000000704200000| Untracked 
|   5|0x0000000704400000, 0x0000000704400000, 0x0000000704600000|  0%| F|  |TAMS 0x0000000704400000, 0x0000000704400000| Untracked 
|   6|0x0000000704600000, 0x0000000704600000, 0x0000000704800000|  0%| F|  |TAMS 0x0000000704600000, 0x0000000704600000| Untracked 
|   7|0x0000000704800000, 0x0000000704800000, 0x0000000704a00000|  0%| F|  |TAMS 0x0000000704800000, 0x0000000704800000| Untracked 
|   8|0x0000000704a00000, 0x0000000704a00000, 0x0000000704c00000|  0%| F|  |TAMS 0x0000000704a00000, 0x0000000704a00000| Untracked 
|   9|0x0000000704c00000, 0x0000000704c00000, 0x0000000704e00000|  0%| F|  |TAMS 0x0000000704c00000, 0x0000000704c00000| Untracked 
|  10|0x0000000704e00000, 0x0000000704e00000, 0x0000000705000000|  0%| F|  |TAMS 0x0000000704e00000, 0x0000000704e00000| Untracked 
|  11|0x0000000705000000, 0x0000000705000000, 0x0000000705200000|  0%| F|  |TAMS 0x0000000705000000, 0x0000000705000000| Untracked 
|  12|0x0000000705200000, 0x0000000705200000, 0x0000000705400000|  0%| F|  |TAMS 0x0000000705200000, 0x0000000705200000| Untracked 
|  13|0x0000000705400000, 0x0000000705400000, 0x0000000705600000|  0%| F|  |TAMS 0x0000000705400000, 0x0000000705400000| Untracked 
|  14|0x0000000705600000, 0x0000000705600000, 0x0000000705800000|  0%| F|  |TAMS 0x0000000705600000, 0x0000000705600000| Untracked 
|  15|0x0000000705800000, 0x0000000705800000, 0x0000000705a00000|  0%| F|  |TAMS 0x0000000705800000, 0x0000000705800000| Untracked 
|  16|0x0000000705a00000, 0x0000000705a00000, 0x0000000705c00000|  0%| F|  |TAMS 0x0000000705a00000, 0x0000000705a00000| Untracked 
|  17|0x0000000705c00000, 0x0000000705c00000, 0x0000000705e00000|  0%| F|  |TAMS 0x0000000705c00000, 0x0000000705c00000| Untracked 
|  18|0x0000000705e00000, 0x0000000705e00000, 0x0000000706000000|  0%| F|  |TAMS 0x0000000705e00000, 0x0000000705e00000| Untracked 
|  19|0x0000000706000000, 0x0000000706000000, 0x0000000706200000|  0%| F|  |TAMS 0x0000000706000000, 0x0000000706000000| Untracked 
|  20|0x0000000706200000, 0x0000000706200000, 0x0000000706400000|  0%| F|  |TAMS 0x0000000706200000, 0x0000000706200000| Untracked 
|  21|0x0000000706400000, 0x0000000706400000, 0x0000000706600000|  0%| F|  |TAMS 0x0000000706400000, 0x0000000706400000| Untracked 
|  22|0x0000000706600000, 0x0000000706600000, 0x0000000706800000|  0%| F|  |TAMS 0x0000000706600000, 0x0000000706600000| Untracked 
|  23|0x0000000706800000, 0x0000000706800000, 0x0000000706a00000|  0%| F|  |TAMS 0x0000000706800000, 0x0000000706800000| Untracked 
|  24|0x0000000706a00000, 0x0000000706a00000, 0x0000000706c00000|  0%| F|  |TAMS 0x0000000706a00000, 0x0000000706a00000| Untracked 
|  25|0x0000000706c00000, 0x0000000706c00000, 0x0000000706e00000|  0%| F|  |TAMS 0x0000000706c00000, 0x0000000706c00000| Untracked 
|  26|0x0000000706e00000, 0x0000000706e00000, 0x0000000707000000|  0%| F|  |TAMS 0x0000000706e00000, 0x0000000706e00000| Untracked 
|  27|0x0000000707000000, 0x0000000707000000, 0x0000000707200000|  0%| F|  |TAMS 0x0000000707000000, 0x0000000707000000| Untracked 
|  28|0x0000000707200000, 0x0000000707200000, 0x0000000707400000|  0%| F|  |TAMS 0x0000000707200000, 0x0000000707200000| Untracked 
|  29|0x0000000707400000, 0x0000000707400000, 0x0000000707600000|  0%| F|  |TAMS 0x0000000707400000, 0x0000000707400000| Untracked 
|  30|0x0000000707600000, 0x0000000707600000, 0x0000000707800000|  0%| F|  |TAMS 0x0000000707600000, 0x0000000707600000| Untracked 
|  31|0x0000000707800000, 0x0000000707800000, 0x0000000707a00000|  0%| F|  |TAMS 0x0000000707800000, 0x0000000707800000| Untracked 
|  32|0x0000000707a00000, 0x0000000707a00000, 0x0000000707c00000|  0%| F|  |TAMS 0x0000000707a00000, 0x0000000707a00000| Untracked 
|  33|0x0000000707c00000, 0x0000000707c00000, 0x0000000707e00000|  0%| F|  |TAMS 0x0000000707c00000, 0x0000000707c00000| Untracked 
|  34|0x0000000707e00000, 0x0000000707e00000, 0x0000000708000000|  0%| F|  |TAMS 0x0000000707e00000, 0x0000000707e00000| Untracked 
|  35|0x0000000708000000, 0x0000000708000000, 0x0000000708200000|  0%| F|  |TAMS 0x0000000708000000, 0x0000000708000000| Untracked 
|  36|0x0000000708200000, 0x0000000708200000, 0x0000000708400000|  0%| F|  |TAMS 0x0000000708200000, 0x0000000708200000| Untracked 
|  37|0x0000000708400000, 0x0000000708400000, 0x0000000708600000|  0%| F|  |TAMS 0x0000000708400000, 0x0000000708400000| Untracked 
|  38|0x0000000708600000, 0x0000000708600000, 0x0000000708800000|  0%| F|  |TAMS 0x0000000708600000, 0x0000000708600000| Untracked 
|  39|0x0000000708800000, 0x0000000708800000, 0x0000000708a00000|  0%| F|  |TAMS 0x0000000708800000, 0x0000000708800000| Untracked 
|  40|0x0000000708a00000, 0x0000000708a00000, 0x0000000708c00000|  0%| F|  |TAMS 0x0000000708a00000, 0x0000000708a00000| Untracked 
|  41|0x0000000708c00000, 0x0000000708c00000, 0x0000000708e00000|  0%| F|  |TAMS 0x0000000708c00000, 0x0000000708c00000| Untracked 
|  42|0x0000000708e00000, 0x0000000708e00000, 0x0000000709000000|  0%| F|  |TAMS 0x0000000708e00000, 0x0000000708e00000| Untracked 
|  43|0x0000000709000000, 0x0000000709000000, 0x0000000709200000|  0%| F|  |TAMS 0x0000000709000000, 0x0000000709000000| Untracked 
|  44|0x0000000709200000, 0x0000000709200000, 0x0000000709400000|  0%| F|  |TAMS 0x0000000709200000, 0x0000000709200000| Untracked 
|  45|0x0000000709400000, 0x0000000709400000, 0x0000000709600000|  0%| F|  |TAMS 0x0000000709400000, 0x0000000709400000| Untracked 
|  46|0x0000000709600000, 0x0000000709600000, 0x0000000709800000|  0%| F|  |TAMS 0x0000000709600000, 0x0000000709600000| Untracked 
|  47|0x0000000709800000, 0x0000000709800000, 0x0000000709a00000|  0%| F|  |TAMS 0x0000000709800000, 0x0000000709800000| Untracked 
|  48|0x0000000709a00000, 0x0000000709a00000, 0x0000000709c00000|  0%| F|  |TAMS 0x0000000709a00000, 0x0000000709a00000| Untracked 
|  49|0x0000000709c00000, 0x0000000709c00000, 0x0000000709e00000|  0%| F|  |TAMS 0x0000000709c00000, 0x0000000709c00000| Untracked 
|  50|0x0000000709e00000, 0x0000000709e00000, 0x000000070a000000|  0%| F|  |TAMS 0x0000000709e00000, 0x0000000709e00000| Untracked 
|  51|0x000000070a000000, 0x000000070a000000, 0x000000070a200000|  0%| F|  |TAMS 0x000000070a000000, 0x000000070a000000| Untracked 
|  52|0x000000070a200000, 0x000000070a200000, 0x000000070a400000|  0%| F|  |TAMS 0x000000070a200000, 0x000000070a200000| Untracked 
|  53|0x000000070a400000, 0x000000070a400000, 0x000000070a600000|  0%| F|  |TAMS 0x000000070a400000, 0x000000070a400000| Untracked 
|  54|0x000000070a600000, 0x000000070a600000, 0x000000070a800000|  0%| F|  |TAMS 0x000000070a600000, 0x000000070a600000| Untracked 
|  55|0x000000070a800000, 0x000000070a800000, 0x000000070aa00000|  0%| F|  |TAMS 0x000000070a800000, 0x000000070a800000| Untracked 
|  56|0x000000070aa00000, 0x000000070aa00000, 0x000000070ac00000|  0%| F|  |TAMS 0x000000070aa00000, 0x000000070aa00000| Untracked 
|  57|0x000000070ac00000, 0x000000070ac00000, 0x000000070ae00000|  0%| F|  |TAMS 0x000000070ac00000, 0x000000070ac00000| Untracked 
|  58|0x000000070ae00000, 0x000000070ae00000, 0x000000070b000000|  0%| F|  |TAMS 0x000000070ae00000, 0x000000070ae00000| Untracked 
|  59|0x000000070b000000, 0x000000070b000000, 0x000000070b200000|  0%| F|  |TAMS 0x000000070b000000, 0x000000070b000000| Untracked 
|  60|0x000000070b200000, 0x000000070b200000, 0x000000070b400000|  0%| F|  |TAMS 0x000000070b200000, 0x000000070b200000| Untracked 
|  61|0x000000070b400000, 0x000000070b400000, 0x000000070b600000|  0%| F|  |TAMS 0x000000070b400000, 0x000000070b400000| Untracked 
|  62|0x000000070b600000, 0x000000070b600000, 0x000000070b800000|  0%| F|  |TAMS 0x000000070b600000, 0x000000070b600000| Untracked 
|  63|0x000000070b800000, 0x000000070b800000, 0x000000070ba00000|  0%| F|  |TAMS 0x000000070b800000, 0x000000070b800000| Untracked 
|  64|0x000000070ba00000, 0x000000070ba00000, 0x000000070bc00000|  0%| F|  |TAMS 0x000000070ba00000, 0x000000070ba00000| Untracked 
|  65|0x000000070bc00000, 0x000000070bc00000, 0x000000070be00000|  0%| F|  |TAMS 0x000000070bc00000, 0x000000070bc00000| Untracked 
|  66|0x000000070be00000, 0x000000070be00000, 0x000000070c000000|  0%| F|  |TAMS 0x000000070be00000, 0x000000070be00000| Untracked 
|  67|0x000000070c000000, 0x000000070c000000, 0x000000070c200000|  0%| F|  |TAMS 0x000000070c000000, 0x000000070c000000| Untracked 
|  68|0x000000070c200000, 0x000000070c200000, 0x000000070c400000|  0%| F|  |TAMS 0x000000070c200000, 0x000000070c200000| Untracked 
|  69|0x000000070c400000, 0x000000070c400000, 0x000000070c600000|  0%| F|  |TAMS 0x000000070c400000, 0x000000070c400000| Untracked 
|  70|0x000000070c600000, 0x000000070c600000, 0x000000070c800000|  0%| F|  |TAMS 0x000000070c600000, 0x000000070c600000| Untracked 
|  71|0x000000070c800000, 0x000000070c800000, 0x000000070ca00000|  0%| F|  |TAMS 0x000000070c800000, 0x000000070c800000| Untracked 
|  72|0x000000070ca00000, 0x000000070ca00000, 0x000000070cc00000|  0%| F|  |TAMS 0x000000070ca00000, 0x000000070ca00000| Untracked 
|  73|0x000000070cc00000, 0x000000070cc00000, 0x000000070ce00000|  0%| F|  |TAMS 0x000000070cc00000, 0x000000070cc00000| Untracked 
|  74|0x000000070ce00000, 0x000000070ce00000, 0x000000070d000000|  0%| F|  |TAMS 0x000000070ce00000, 0x000000070ce00000| Untracked 
|  75|0x000000070d000000, 0x000000070d000000, 0x000000070d200000|  0%| F|  |TAMS 0x000000070d000000, 0x000000070d000000| Untracked 
|  76|0x000000070d200000, 0x000000070d200000, 0x000000070d400000|  0%| F|  |TAMS 0x000000070d200000, 0x000000070d200000| Untracked 
|  77|0x000000070d400000, 0x000000070d400000, 0x000000070d600000|  0%| F|  |TAMS 0x000000070d400000, 0x000000070d400000| Untracked 
|  78|0x000000070d600000, 0x000000070d600000, 0x000000070d800000|  0%| F|  |TAMS 0x000000070d600000, 0x000000070d600000| Untracked 
|  79|0x000000070d800000, 0x000000070d800000, 0x000000070da00000|  0%| F|  |TAMS 0x000000070d800000, 0x000000070d800000| Untracked 
|  80|0x000000070da00000, 0x000000070da00000, 0x000000070dc00000|  0%| F|  |TAMS 0x000000070da00000, 0x000000070da00000| Untracked 
|  81|0x000000070dc00000, 0x000000070dc00000, 0x000000070de00000|  0%| F|  |TAMS 0x000000070dc00000, 0x000000070dc00000| Untracked 
|  82|0x000000070de00000, 0x000000070de00000, 0x000000070e000000|  0%| F|  |TAMS 0x000000070de00000, 0x000000070de00000| Untracked 
|  83|0x000000070e000000, 0x000000070e000000, 0x000000070e200000|  0%| F|  |TAMS 0x000000070e000000, 0x000000070e000000| Untracked 
|  84|0x000000070e200000, 0x000000070e200000, 0x000000070e400000|  0%| F|  |TAMS 0x000000070e200000, 0x000000070e200000| Untracked 
|  85|0x000000070e400000, 0x000000070e400000, 0x000000070e600000|  0%| F|  |TAMS 0x000000070e400000, 0x000000070e400000| Untracked 
|  86|0x000000070e600000, 0x000000070e600000, 0x000000070e800000|  0%| F|  |TAMS 0x000000070e600000, 0x000000070e600000| Untracked 
|  87|0x000000070e800000, 0x000000070e800000, 0x000000070ea00000|  0%| F|  |TAMS 0x000000070e800000, 0x000000070e800000| Untracked 
|  88|0x000000070ea00000, 0x000000070ea00000, 0x000000070ec00000|  0%| F|  |TAMS 0x000000070ea00000, 0x000000070ea00000| Untracked 
|  89|0x000000070ec00000, 0x000000070ec00000, 0x000000070ee00000|  0%| F|  |TAMS 0x000000070ec00000, 0x000000070ec00000| Untracked 
|  90|0x000000070ee00000, 0x000000070ee00000, 0x000000070f000000|  0%| F|  |TAMS 0x000000070ee00000, 0x000000070ee00000| Untracked 
|  91|0x000000070f000000, 0x000000070f000000, 0x000000070f200000|  0%| F|  |TAMS 0x000000070f000000, 0x000000070f000000| Untracked 
|  92|0x000000070f200000, 0x000000070f200000, 0x000000070f400000|  0%| F|  |TAMS 0x000000070f200000, 0x000000070f200000| Untracked 
|  93|0x000000070f400000, 0x000000070f400000, 0x000000070f600000|  0%| F|  |TAMS 0x000000070f400000, 0x000000070f400000| Untracked 
|  94|0x000000070f600000, 0x000000070f600000, 0x000000070f800000|  0%| F|  |TAMS 0x000000070f600000, 0x000000070f600000| Untracked 
|  95|0x000000070f800000, 0x000000070f800000, 0x000000070fa00000|  0%| F|  |TAMS 0x000000070f800000, 0x000000070f800000| Untracked 
|  96|0x000000070fa00000, 0x000000070fa00000, 0x000000070fc00000|  0%| F|  |TAMS 0x000000070fa00000, 0x000000070fa00000| Untracked 
|  97|0x000000070fc00000, 0x000000070fc00000, 0x000000070fe00000|  0%| F|  |TAMS 0x000000070fc00000, 0x000000070fc00000| Untracked 
|  98|0x000000070fe00000, 0x000000070fe00000, 0x0000000710000000|  0%| F|  |TAMS 0x000000070fe00000, 0x000000070fe00000| Untracked 
|  99|0x0000000710000000, 0x0000000710000000, 0x0000000710200000|  0%| F|  |TAMS 0x0000000710000000, 0x0000000710000000| Untracked 
| 100|0x0000000710200000, 0x0000000710200000, 0x0000000710400000|  0%| F|  |TAMS 0x0000000710200000, 0x0000000710200000| Untracked 
| 101|0x0000000710400000, 0x0000000710400000, 0x0000000710600000|  0%| F|  |TAMS 0x0000000710400000, 0x0000000710400000| Untracked 
| 102|0x0000000710600000, 0x0000000710600000, 0x0000000710800000|  0%| F|  |TAMS 0x0000000710600000, 0x0000000710600000| Untracked 
| 103|0x0000000710800000, 0x0000000710800000, 0x0000000710a00000|  0%| F|  |TAMS 0x0000000710800000, 0x0000000710800000| Untracked 
| 104|0x0000000710a00000, 0x0000000710a00000, 0x0000000710c00000|  0%| F|  |TAMS 0x0000000710a00000, 0x0000000710a00000| Untracked 
| 105|0x0000000710c00000, 0x0000000710c00000, 0x0000000710e00000|  0%| F|  |TAMS 0x0000000710c00000, 0x0000000710c00000| Untracked 
| 106|0x0000000710e00000, 0x0000000710e00000, 0x0000000711000000|  0%| F|  |TAMS 0x0000000710e00000, 0x0000000710e00000| Untracked 
| 107|0x0000000711000000, 0x0000000711000000, 0x0000000711200000|  0%| F|  |TAMS 0x0000000711000000, 0x0000000711000000| Untracked 
| 108|0x0000000711200000, 0x0000000711200000, 0x0000000711400000|  0%| F|  |TAMS 0x0000000711200000, 0x0000000711200000| Untracked 
| 109|0x0000000711400000, 0x0000000711400000, 0x0000000711600000|  0%| F|  |TAMS 0x0000000711400000, 0x0000000711400000| Untracked 
| 110|0x0000000711600000, 0x0000000711600000, 0x0000000711800000|  0%| F|  |TAMS 0x0000000711600000, 0x0000000711600000| Untracked 
| 111|0x0000000711800000, 0x0000000711800000, 0x0000000711a00000|  0%| F|  |TAMS 0x0000000711800000, 0x0000000711800000| Untracked 
| 112|0x0000000711a00000, 0x0000000711a00000, 0x0000000711c00000|  0%| F|  |TAMS 0x0000000711a00000, 0x0000000711a00000| Untracked 
| 113|0x0000000711c00000, 0x0000000711c00000, 0x0000000711e00000|  0%| F|  |TAMS 0x0000000711c00000, 0x0000000711c00000| Untracked 
| 114|0x0000000711e00000, 0x0000000712000000, 0x0000000712000000|100%| S|CS|TAMS 0x0000000711e00000, 0x0000000711e00000| Complete 
| 115|0x0000000712000000, 0x0000000712200000, 0x0000000712200000|100%| S|CS|TAMS 0x0000000712000000, 0x0000000712000000| Complete 
| 116|0x0000000712200000, 0x0000000712200000, 0x0000000712400000|  0%| F|  |TAMS 0x0000000712200000, 0x0000000712200000| Untracked 
| 117|0x0000000712400000, 0x0000000712400000, 0x0000000712600000|  0%| F|  |TAMS 0x0000000712400000, 0x0000000712400000| Untracked 
| 118|0x0000000712600000, 0x0000000712600000, 0x0000000712800000|  0%| F|  |TAMS 0x0000000712600000, 0x0000000712600000| Untracked 
| 119|0x0000000712800000, 0x0000000712800000, 0x0000000712a00000|  0%| F|  |TAMS 0x0000000712800000, 0x0000000712800000| Untracked 
| 120|0x0000000712a00000, 0x0000000712a00000, 0x0000000712c00000|  0%| F|  |TAMS 0x0000000712a00000, 0x0000000712a00000| Untracked 
| 121|0x0000000712c00000, 0x0000000712c00000, 0x0000000712e00000|  0%| F|  |TAMS 0x0000000712c00000, 0x0000000712c00000| Untracked 
| 122|0x0000000712e00000, 0x0000000712e00000, 0x0000000713000000|  0%| F|  |TAMS 0x0000000712e00000, 0x0000000712e00000| Untracked 
| 123|0x0000000713000000, 0x0000000713000000, 0x0000000713200000|  0%| F|  |TAMS 0x0000000713000000, 0x0000000713000000| Untracked 
| 124|0x0000000713200000, 0x00000007132f6540, 0x0000000713400000| 48%| E|  |TAMS 0x0000000713200000, 0x0000000713200000| Complete 
| 125|0x0000000713400000, 0x0000000713600000, 0x0000000713600000|100%| E|CS|TAMS 0x0000000713400000, 0x0000000713400000| Complete 
| 126|0x0000000713600000, 0x0000000713800000, 0x0000000713800000|100%| E|CS|TAMS 0x0000000713600000, 0x0000000713600000| Complete 

Card table byte_map: [0x000002637c390000,0x000002637cb80000] _byte_map_base: 0x0000026378b73000

Marking Bits (Prev, Next): (CMBitMap*) 0x00000263784154d0, (CMBitMap*) 0x0000026378415510
 Prev Bits: [0x000002630f000000, 0x0000026312f18000)
 Next Bits: [0x0000026312f20000, 0x0000026316e38000)

Polling page: 0x00000263763b0000

Metaspace:

Usage:
  Non-class:     10.61 MB used.
      Class:      1.32 MB used.
       Both:     11.94 MB used.

Virtual space:
  Non-class space:       16.00 MB reserved,      10.69 MB ( 67%) committed,  2 nodes.
      Class space:        1.00 GB reserved,       1.44 MB ( <1%) committed,  1 nodes.
             Both:        1.02 GB reserved,      12.12 MB (  1%) committed. 

Chunk freelists:
   Non-Class:  518.00 KB
       Class:  2.47 MB
        Both:  2.97 MB

MaxMetaspaceSize: unlimited
CompressedClassSpaceSize: 1.00 GB
Initial GC threshold: 21.00 MB
Current GC threshold: 21.00 MB
CDS: off
MetaspaceReclaimPolicy: balanced
 - commit_granule_bytes: 65536.
 - commit_granule_words: 8192.
 - virtual_space_node_default_size: 1048576.
 - enlarge_chunks_in_place: 1.
 - new_chunks_are_fully_committed: 0.
 - uncommit_free_chunks: 1.
 - use_allocation_guard: 0.
 - handle_deallocations: 1.


Internal statistics:

num_allocs_failed_limit: 0.
num_arena_births: 60.
num_arena_deaths: 0.
num_vsnodes_births: 3.
num_vsnodes_deaths: 0.
num_space_committed: 194.
num_space_uncommitted: 0.
num_chunks_returned_to_freelist: 0.
num_chunks_taken_from_freelist: 198.
num_chunk_merges: 0.
num_chunk_splits: 124.
num_chunks_enlarged: 102.
num_purges: 0.
num_inconsistent_stats: 0.

CodeHeap 'non-profiled nmethods': size=120000Kb used=352Kb max_used=352Kb free=119647Kb
 bounds [0x0000026307ad0000, 0x0000026307d40000, 0x000002630f000000]
CodeHeap 'profiled nmethods': size=120000Kb used=1673Kb max_used=1673Kb free=118326Kb
 bounds [0x0000026300000000, 0x0000026300270000, 0x0000026307530000]
CodeHeap 'non-nmethods': size=5760Kb used=1141Kb max_used=1184Kb free=4618Kb
 bounds [0x0000026307530000, 0x00000263077a0000, 0x0000026307ad0000]
 total_blobs=1316 nmethods=901 adapters=328
 compilation: enabled
              stopped_count=0, restarted_count=0
 full_count=0

Compilation events (20 events):
Event: 1.112 Thread 0x00000263178cae70 nmethod 883 0x0000026300199d90 code [0x0000026300199f20, 0x000002630019a058]
Event: 1.112 Thread 0x00000263178cae70  884       3       java.lang.invoke.LambdaForm::uncustomize (57 bytes)
Event: 1.113 Thread 0x00000263178cae70 nmethod 884 0x000002630019a110 code [0x000002630019a2c0, 0x000002630019a5e8]
Event: 1.113 Thread 0x00000263178cae70  886       3       java.lang.invoke.MemberName::getName (25 bytes)
Event: 1.113 Thread 0x00000263178cae70 nmethod 886 0x000002630019a710 code [0x000002630019a8e0, 0x000002630019ac88]
Event: 1.114 Thread 0x00000263178c7770  887       4       java.lang.StringCoding::hasNegatives (25 bytes)
Event: 1.117 Thread 0x00000263178c7770 nmethod 887 0x0000026307b26e10 code [0x0000026307b26f80, 0x0000026307b270d8]
Event: 1.121 Thread 0x00000263178c7770  888   !   4       java.util.concurrent.ConcurrentHashMap::putVal (432 bytes)
Event: 1.122 Thread 0x00000263178cae70  889       1       java.lang.reflect.Method::getDeclaringClass (5 bytes)
Event: 1.123 Thread 0x00000263178cae70 nmethod 889 0x0000026307b27190 code [0x0000026307b27320, 0x0000026307b273f8]
Event: 1.124 Thread 0x00000263178cae70  890       3       sun.invoke.util.VerifyAccess::isSamePackage (37 bytes)
Event: 1.126 Thread 0x00000263178cae70 nmethod 890 0x000002630019ad90 code [0x000002630019b0a0, 0x000002630019c538]
Event: 1.126 Thread 0x00000263178cae70  891       3       java.lang.ref.Reference::<init> (7 bytes)
Event: 1.126 Thread 0x00000263178cae70 nmethod 891 0x000002630019cb10 code [0x000002630019ccc0, 0x000002630019cf78]
Event: 1.127 Thread 0x00000263178cae70  892       3       java.util.zip.CRC32::update (51 bytes)
Event: 1.128 Thread 0x00000263178cae70 nmethod 892 0x000002630019d090 code [0x000002630019d280, 0x000002630019d708]
Event: 1.128 Thread 0x00000263178cae70  893       3       java.security.SecureClassLoader::getProtectionDomain (38 bytes)
Event: 1.128 Thread 0x00000263178cae70 nmethod 893 0x000002630019d910 code [0x000002630019db00, 0x000002630019e1a8]
Event: 1.128 Thread 0x00000263178cae70  894       3       java.lang.ClassLoader::defineClass (43 bytes)
Event: 1.129 Thread 0x00000263178cae70 nmethod 894 0x000002630019e390 code [0x000002630019e580, 0x000002630019ea98]

GC Heap History (2 events):
Event: 0.992 GC heap before
{Heap before GC invocations=0 (full 0):
 garbage-first heap   total 260096K, used 30720K [0x0000000703a00000, 0x0000000800000000)
  region size 2048K, 11 young (22528K), 0 survivors (0K)
 Metaspace       used 10898K, committed 11072K, reserved 1064960K
  class space    used 1126K, committed 1216K, reserved 1048576K
}
Event: 1.004 GC heap after
{Heap after GC invocations=1 (full 0):
 garbage-first heap   total 260096K, used 10022K [0x0000000703a00000, 0x0000000800000000)
  region size 2048K, 2 young (4096K), 2 survivors (4096K)
 Metaspace       used 10898K, committed 11072K, reserved 1064960K
  class space    used 1126K, committed 1216K, reserved 1048576K
}

Dll operation events (2 events):
Event: 0.011 Loaded shared library C:\Program Files\Android\Android Studio\jbr\bin\java.dll
Event: 0.155 Loaded shared library C:\Program Files\Android\Android Studio\jbr\bin\verify.dll

Deoptimization events (20 events):
Event: 0.820 Thread 0x00000263783a99d0 Uncommon trap: trap_request=0xffffffde fr.pc=0x0000026307aebac0 relative=0x00000000000003e0
Event: 0.820 Thread 0x00000263783a99d0 Uncommon trap: reason=class_check action=maybe_recompile pc=0x0000026307aebac0 method=java.util.regex.Matcher.match(II)Z @ 121 c2
Event: 0.820 Thread 0x00000263783a99d0 DEOPT PACKING pc=0x0000026307aebac0 sp=0x000000ca765fd3c0
Event: 0.820 Thread 0x00000263783a99d0 DEOPT UNPACKING pc=0x000002630758a1a3 sp=0x000000ca765fd368 mode 2
Event: 0.823 Thread 0x00000263783a99d0 Uncommon trap: trap_request=0xffffffde fr.pc=0x0000026307aebac0 relative=0x00000000000003e0
Event: 0.823 Thread 0x00000263783a99d0 Uncommon trap: reason=class_check action=maybe_recompile pc=0x0000026307aebac0 method=java.util.regex.Matcher.match(II)Z @ 121 c2
Event: 0.823 Thread 0x00000263783a99d0 DEOPT PACKING pc=0x0000026307aebac0 sp=0x000000ca765fd240
Event: 0.823 Thread 0x00000263783a99d0 DEOPT UNPACKING pc=0x000002630758a1a3 sp=0x000000ca765fd1e8 mode 2
Event: 0.823 Thread 0x00000263783a99d0 Uncommon trap: trap_request=0xffffffde fr.pc=0x0000026307aebac0 relative=0x00000000000003e0
Event: 0.823 Thread 0x00000263783a99d0 Uncommon trap: reason=class_check action=maybe_recompile pc=0x0000026307aebac0 method=java.util.regex.Matcher.match(II)Z @ 121 c2
Event: 0.823 Thread 0x00000263783a99d0 DEOPT PACKING pc=0x0000026307aebac0 sp=0x000000ca765fd240
Event: 0.823 Thread 0x00000263783a99d0 DEOPT UNPACKING pc=0x000002630758a1a3 sp=0x000000ca765fd1e8 mode 2
Event: 0.939 Thread 0x00000263783a99d0 Uncommon trap: trap_request=0xffffff45 fr.pc=0x0000026307b0e924 relative=0x0000000000000444
Event: 0.940 Thread 0x00000263783a99d0 Uncommon trap: reason=unstable_if action=reinterpret pc=0x0000026307b0e924 method=java.util.regex.Matcher.match(II)Z @ 76 c2
Event: 0.940 Thread 0x00000263783a99d0 DEOPT PACKING pc=0x0000026307b0e924 sp=0x000000ca765fc0b0
Event: 0.940 Thread 0x00000263783a99d0 DEOPT UNPACKING pc=0x000002630758a1a3 sp=0x000000ca765fc068 mode 2
Event: 1.049 Thread 0x00000263783a99d0 DEOPT PACKING pc=0x0000026300101e8b sp=0x000000ca765f8ab0
Event: 1.049 Thread 0x00000263783a99d0 DEOPT UNPACKING pc=0x000002630758ace3 sp=0x000000ca765f7f10 mode 0
Event: 1.115 Thread 0x00000263783a99d0 DEOPT PACKING pc=0x0000026300053656 sp=0x000000ca765fb350
Event: 1.116 Thread 0x00000263783a99d0 DEOPT UNPACKING pc=0x000002630758ace3 sp=0x000000ca765fa7d8 mode 0

Classes unloaded (0 events):
No events

Classes redefined (0 events):
No events

Internal exceptions (9 events):
Event: 0.266 Thread 0x00000263783a99d0 Exception <a 'java/lang/NoSuchMethodError'{0x0000000713579f70}: 'int java.lang.invoke.DirectMethodHandle$Holder.invokeStaticInit(java.lang.Object, java.lang.Object)'> (0x0000000713579f70) 
thrown [s\src\hotspot\share\interpreter\linkResolver.cpp, line 771]
Event: 0.853 Thread 0x00000263783a99d0 Exception <a 'java/lang/NoSuchMethodError'{0x00000007122f3ee8}: 'void java.lang.invoke.DirectMethodHandle$Holder.invokeStatic(java.lang.Object, java.lang.Object)'> (0x00000007122f3ee8) 
thrown [s\src\hotspot\share\interpreter\linkResolver.cpp, line 771]
Event: 0.945 Thread 0x00000263783a99d0 Exception <a 'java/lang/NoClassDefFoundError'{0x000000071237a9c8}: org/slf4j/impl/StaticMarkerBinder> (0x000000071237a9c8) 
thrown [s\src\hotspot\share\classfile\systemDictionary.cpp, line 245]
Event: 1.010 Thread 0x00000263783a99d0 Exception <a 'java/lang/NoSuchMethodError'{0x0000000713617d08}: 'java.lang.Object java.lang.invoke.DirectMethodHandle$Holder.invokeVirtual(java.lang.Object, java.lang.Object, java.lang.Object, java.lang.Object, java.lang.Object, java.lang.Object, java.lang.Object)'> (0x0000000713617d08) 
thrown [s\src\hotspot\share\interpreter\linkResolver.cpp, line 771]
Event: 1.014 Thread 0x00000263783a99d0 Exception <a 'java/lang/NoSuchMethodError'{0x0000000713629868}: 'java.lang.Object java.lang.invoke.Invokers$Holder.invoker(java.lang.Object, java.lang.Object, java.lang.Object)'> (0x0000000713629868) 
thrown [s\src\hotspot\share\interpreter\linkResolver.cpp, line 771]
Event: 1.017 Thread 0x00000263783a99d0 Exception <a 'java/lang/NoSuchMethodError'{0x0000000713632910}: 'java.lang.Object java.lang.invoke.DirectMethodHandle$Holder.invokeStatic(java.lang.Object, java.lang.Object, int)'> (0x0000000713632910) 
thrown [s\src\hotspot\share\interpreter\linkResolver.cpp, line 771]
Event: 1.020 Thread 0x00000263783a99d0 Exception <a 'java/lang/NoSuchMethodError'{0x000000071363e600}: 'void java.lang.invoke.DelegatingMethodHandle$Holder.delegate(java.lang.Object, java.lang.Object, int, java.lang.Object)'> (0x000000071363e600) 
thrown [s\src\hotspot\share\interpreter\linkResolver.cpp, line 771]
Event: 1.021 Thread 0x00000263783a99d0 Exception <a 'java/lang/NoSuchMethodError'{0x0000000713642748}: 'int java.lang.invoke.DirectMethodHandle$Holder.invokeSpecial(java.lang.Object, java.lang.Object, java.lang.Object)'> (0x0000000713642748) 
thrown [s\src\hotspot\share\interpreter\linkResolver.cpp, line 771]
Event: 1.026 Thread 0x00000263783a99d0 Exception <a 'java/lang/NoSuchMethodError'{0x00000007136559e8}: 'java.lang.Object java.lang.invoke.Invokers$Holder.invokeExact_MT(java.lang.Object, java.lang.Object, java.lang.Object, java.lang.Object)'> (0x00000007136559e8) 
thrown [s\src\hotspot\share\interpreter\linkResolver.cpp, line 771]

VM Operations (6 events):
Event: 0.151 Executing VM operation: HandshakeAllThreads
Event: 0.151 Executing VM operation: HandshakeAllThreads done
Event: 0.992 Executing VM operation: G1CollectForAllocation
Event: 1.004 Executing VM operation: G1CollectForAllocation done
Event: 1.017 Executing VM operation: HandshakeAllThreads
Event: 1.017 Executing VM operation: HandshakeAllThreads done

Events (20 events):
Event: 1.073 loading class java/util/concurrent/locks/AbstractQueuedSynchronizer$Node done
Event: 1.073 loading class java/util/concurrent/locks/AbstractQueuedSynchronizer$ConditionNode done
Event: 1.084 loading class sun/reflect/generics/scope/MethodScope
Event: 1.084 loading class sun/reflect/generics/scope/MethodScope done
Event: 1.084 loading class sun/reflect/generics/repository/MethodRepository
Event: 1.084 loading class sun/reflect/generics/repository/ConstructorRepository
Event: 1.084 loading class sun/reflect/generics/repository/ConstructorRepository done
Event: 1.084 loading class sun/reflect/generics/repository/MethodRepository done
Event: 1.084 loading class sun/reflect/generics/tree/MethodTypeSignature
Event: 1.085 loading class sun/reflect/generics/tree/MethodTypeSignature done
Event: 1.106 loading class java/lang/invoke/BoundMethodHandle$Species_LLLL
Event: 1.106 loading class java/lang/invoke/BoundMethodHandle$Species_LLLL done
Event: 1.107 loading class java/lang/invoke/BoundMethodHandle$Species_LLLLL
Event: 1.107 loading class java/lang/invoke/BoundMethodHandle$Species_LLLLL done
Event: 1.109 loading class java/lang/invoke/BoundMethodHandle$Species_LLLLLL
Event: 1.109 loading class java/lang/invoke/BoundMethodHandle$Species_LLLLLL done
Event: 1.111 loading class java/lang/invoke/BoundMethodHandle$Species_LLLLLLL
Event: 1.111 loading class java/lang/invoke/BoundMethodHandle$Species_LLLLLLL done
Event: 1.121 loading class java/io/FileNotFoundException
Event: 1.121 loading class java/io/FileNotFoundException done


Dynamic libraries:
0x00007ff68aba0000 - 0x00007ff68abaa000 	C:\Program Files\Android\Android Studio\jbr\bin\java.exe
0x00007fff91b10000 - 0x00007fff91d24000 	C:\WINDOWS\SYSTEM32\ntdll.dll
0x00007fff90b90000 - 0x00007fff90c52000 	C:\WINDOWS\System32\KERNEL32.DLL
0x00007fff8f290000 - 0x00007fff8f633000 	C:\WINDOWS\System32\KERNELBASE.dll
0x00007fff8f170000 - 0x00007fff8f281000 	C:\WINDOWS\System32\ucrtbase.dll
0x00007fff58230000 - 0x00007fff5824b000 	C:\Program Files\Android\Android Studio\jbr\bin\VCRUNTIME140.dll
0x00007fff60af0000 - 0x00007fff60b07000 	C:\Program Files\Android\Android Studio\jbr\bin\jli.dll
0x00007fff909e0000 - 0x00007fff90b8b000 	C:\WINDOWS\System32\USER32.dll
0x00007fff8f080000 - 0x00007fff8f0a6000 	C:\WINDOWS\System32\win32u.dll
0x00007fff904f0000 - 0x00007fff90519000 	C:\WINDOWS\System32\GDI32.dll
0x00007fff70760000 - 0x00007fff709ee000 	C:\WINDOWS\WinSxS\amd64_microsoft.windows.common-controls_6595b64144ccf1df_6.0.22621.1635_none_270f70857386168e\COMCTL32.dll
0x00007fff8f7d0000 - 0x00007fff8f8e9000 	C:\WINDOWS\System32\gdi32full.dll
0x00007fff90920000 - 0x00007fff909c7000 	C:\WINDOWS\System32\msvcrt.dll
0x00007fff8f640000 - 0x00007fff8f6da000 	C:\WINDOWS\System32\msvcp_win.dll
0x00007fff908e0000 - 0x00007fff90911000 	C:\WINDOWS\System32\IMM32.DLL
0x00007fff6d400000 - 0x00007fff6d40c000 	C:\Program Files\Android\Android Studio\jbr\bin\vcruntime140_1.dll
0x00007fff581a0000 - 0x00007fff5822d000 	C:\Program Files\Android\Android Studio\jbr\bin\msvcp140.dll
0x00007fff3a830000 - 0x00007fff3b49d000 	C:\Program Files\Android\Android Studio\jbr\bin\server\jvm.dll
0x00007fff91220000 - 0x00007fff912ce000 	C:\WINDOWS\System32\ADVAPI32.dll
0x00007fff902d0000 - 0x00007fff90374000 	C:\WINDOWS\System32\sechost.dll
0x00007fff90ec0000 - 0x00007fff90fd7000 	C:\WINDOWS\System32\RPCRT4.dll
0x00007fff87370000 - 0x00007fff87379000 	C:\WINDOWS\SYSTEM32\WSOCK32.dll
0x00007fff8c9b0000 - 0x00007fff8c9e4000 	C:\WINDOWS\SYSTEM32\WINMM.dll
0x00007fff88b30000 - 0x00007fff88b3a000 	C:\WINDOWS\SYSTEM32\VERSION.dll
0x00007fff90810000 - 0x00007fff90881000 	C:\WINDOWS\System32\WS2_32.dll
0x00007fff8e050000 - 0x00007fff8e068000 	C:\WINDOWS\SYSTEM32\kernel.appcore.dll
0x00007fff7dcf0000 - 0x00007fff7dcfa000 	C:\Program Files\Android\Android Studio\jbr\bin\jimage.dll
0x00007fff8c780000 - 0x00007fff8c9ae000 	C:\WINDOWS\SYSTEM32\DBGHELP.DLL
0x00007fff8ff40000 - 0x00007fff902c9000 	C:\WINDOWS\System32\combase.dll
0x00007fff90de0000 - 0x00007fff90eb7000 	C:\WINDOWS\System32\OLEAUT32.dll
0x00007fff8c740000 - 0x00007fff8c772000 	C:\WINDOWS\SYSTEM32\dbgcore.DLL
0x00007fff8f6e0000 - 0x00007fff8f75b000 	C:\WINDOWS\System32\bcryptPrimitives.dll
0x00007fff73330000 - 0x00007fff73355000 	C:\Program Files\Android\Android Studio\jbr\bin\java.dll
0x00007fff7dbf0000 - 0x00007fff7dc08000 	C:\Program Files\Android\Android Studio\jbr\bin\zip.dll
0x00007fff912d0000 - 0x00007fff91aca000 	C:\WINDOWS\System32\SHELL32.dll
0x00007fff8cf20000 - 0x00007fff8d7ee000 	C:\WINDOWS\SYSTEM32\windows.storage.dll
0x00007fff8cde0000 - 0x00007fff8cf1e000 	C:\WINDOWS\SYSTEM32\wintypes.dll
0x00007fff90fe0000 - 0x00007fff910d1000 	C:\WINDOWS\System32\SHCORE.dll
0x00007fff90610000 - 0x00007fff9066e000 	C:\WINDOWS\System32\shlwapi.dll
0x00007fff8ee40000 - 0x00007fff8ee61000 	C:\WINDOWS\SYSTEM32\profapi.dll
0x00007fff7b330000 - 0x00007fff7b349000 	C:\Program Files\Android\Android Studio\jbr\bin\net.dll
0x00007fff84670000 - 0x00007fff847a7000 	C:\WINDOWS\SYSTEM32\WINHTTP.dll
0x00007fff8e4c0000 - 0x00007fff8e529000 	C:\WINDOWS\system32\mswsock.dll
0x00007fff78f00000 - 0x00007fff78f16000 	C:\Program Files\Android\Android Studio\jbr\bin\nio.dll
0x00007fff7c210000 - 0x00007fff7c220000 	C:\Program Files\Android\Android Studio\jbr\bin\verify.dll
0x00007fff58140000 - 0x00007fff58167000 	C:\Users\yashe\.gradle\native\e1d6ef7f7dcc3fd88c89a11ec53ec762bb8ba0a96d01ffa2cd45eb1d1d8dd5c5\windows-amd64\native-platform.dll

dbghelp: loaded successfully - version: 4.0.5 - missing functions: none
symbol engine: initialized successfully - sym options: 0x614 - pdb path: .;C:\Program Files\Android\Android Studio\jbr\bin;C:\WINDOWS\SYSTEM32;C:\WINDOWS\WinSxS\amd64_microsoft.windows.common-controls_6595b64144ccf1df_6.0.22621.1635_none_270f70857386168e;C:\Program Files\Android\Android Studio\jbr\bin\server;C:\Users\yashe\.gradle\native\e1d6ef7f7dcc3fd88c89a11ec53ec762bb8ba0a96d01ffa2cd45eb1d1d8dd5c5\windows-amd64

VM Arguments:
jvm_args: -Dorg.gradle.appname=gradlew 
java_command: org.gradle.wrapper.GradleWrapperMain -q -Ptarget-platform=android-arm64 -Ptarget=D:\Flutter\code_wise\lib\main.dart -Pbase-application-name=android.app.Application -Pdart-defines=RkxVVFRFUl9XRUJfQVVUT19ERVRFQ1Q9dHJ1ZQ==,RkxVVFRFUl9XRUJfQ0FOVkFTS0lUX1VSTD1odHRwczovL3d3dy5nc3RhdGljLmNvbS9mbHV0dGVyLWNhbnZhc2tpdC8yYTM0MDFjOWJiYjVhOWE5YWVjNzRkNGY3MzVkMThhOWRkM2ViZjJkLw== -Pdart-obfuscation=false -Ptrack-widget-creation=true -Ptree-shake-icons=false -Pfilesystem-scheme=org-dartlang-root assembleDebug
java_class_path (initial): D:\Flutter\code_wise\android\\gradle\wrapper\gradle-wrapper.jar
Launcher Type: SUN_STANDARD

[Global flags]
     intx CICompilerCount                          = 4                                         {product} {ergonomic}
     uint ConcGCThreads                            = 2                                         {product} {ergonomic}
     uint G1ConcRefinementThreads                  = 8                                         {product} {ergonomic}
   size_t G1HeapRegionSize                         = 2097152                                   {product} {ergonomic}
    uintx GCDrainStackTargetSize                   = 64                                        {product} {ergonomic}
   size_t InitialHeapSize                          = 266338304                                 {product} {ergonomic}
   size_t MarkStackSize                            = 4194304                                   {product} {ergonomic}
   size_t MaxHeapSize                              = 4234149888                                {product} {ergonomic}
   size_t MaxNewSize                               = 2539651072                                {product} {ergonomic}
   size_t MinHeapDeltaBytes                        = 2097152                                   {product} {ergonomic}
   size_t MinHeapSize                              = 8388608                                   {product} {ergonomic}
    uintx NonNMethodCodeHeapSize                   = 5839372                                {pd product} {ergonomic}
    uintx NonProfiledCodeHeapSize                  = 122909434                              {pd product} {ergonomic}
    uintx ProfiledCodeHeapSize                     = 122909434                              {pd product} {ergonomic}
    uintx ReservedCodeCacheSize                    = 251658240                              {pd product} {ergonomic}
     bool SegmentedCodeCache                       = true                                      {product} {ergonomic}
   size_t SoftMaxHeapSize                          = 4234149888                             {manageable} {ergonomic}
     bool UseCompressedClassPointers               = true                           {product lp64_product} {ergonomic}
     bool UseCompressedOops                        = true                           {product lp64_product} {ergonomic}
     bool UseG1GC                                  = true                                      {product} {ergonomic}
     bool UseLargePagesIndividualAllocation        = false                                  {pd product} {ergonomic}

Logging:
Log output configuration:
 #0: stdout all=warning uptime,level,tags
 #1: stderr all=off uptime,level,tags

Environment Variables:
JAVA_HOME=C:\Program Files\Android\Android Studio\jbr
CLASSPATH=D:\Flutter\code_wise\android\\gradle\wrapper\gradle-wrapper.jar
PATH=C:\Windows\system32;C:\Windows;C:\Windows\System32\Wbem;C:\Windows\System32\WindowsPowerShell\v1.0\;C:\Windows\System32\OpenSSH\;C:\Program Files\NVIDIA Corporation\NVIDIA NvDLISR;C:\WINDOWS\system32;C:\WINDOWS;C:\WINDOWS\System32\Wbem;C:\WINDOWS\System32\WindowsPowerShell\v1.0\;C:\WINDOWS\System32\OpenSSH\;C:\MinGW\bin;C:\Program Files\Git\cmd;C:\Users\yashe\AppData\Local\Microsoft\WindowsApps;C:\src\flutter\flutter\bin;;C:\src\flutter\flutter\bin\mingit\cmd
USERNAME=yashe
OS=Windows_NT
PROCESSOR_IDENTIFIER=Intel64 Family 6 Model 126 Stepping 5, GenuineIntel
TMP=C:\Users\yashe\AppData\Local\Temp
TEMP=C:\Users\yashe\AppData\Local\Temp



---------------  S Y S T E M  ---------------

OS:
 Windows 11 , 64 bit Build 22621 (10.0.22621.1778)
OS uptime: 2 days 16:42 hours

CPU: total 8 (initial active 8) (4 cores per cpu, 2 threads per core) family 6 model 126 stepping 5 microcode 0xb8, cx8, cmov, fxsr, ht, mmx, 3dnowpref, sse, sse2, sse3, ssse3, sse4.1, sse4.2, popcnt, lzcnt, tsc, tscinvbit, avx, avx2, aes, erms, clmul, bmi1, bmi2, adx, avx512f, avx512dq, avx512cd, avx512bw, avx512vl, sha, fma, vzeroupper, avx512_vpopcntdq, avx512_vpclmulqdq, avx512_vaes, avx512_vnni, clflush, clflushopt, avx512_vbmi2, avx512_vbmi

Memory: 4k page, system-wide physical 16151M (2878M free)
TotalPageFile size 43804M (AvailPageFile size 173M)
current process WorkingSet (physical memory assigned to process): 91M, peak: 91M
current process commit charge ("private bytes"): 358M, peak: 358M

vm_info: OpenJDK 64-Bit Server VM (17.0.6+0-b2043.56-9586694) for windows-amd64 JRE (17.0.6+0-b2043.56-9586694), built on Feb  9 2023 20:06:20 by "androidbuild" with MS VC++ 16.10 / 16.11 (VS2019)

END.
